<?xml version="1.0" encoding="UTF-8"?>
<!-- Generated by org.testng.reporters.JUnitReportReporter -->
<testsuite hostname="DESKTOP-UGOTE62" failures="0" tests="2" name="com.runner.Demo" time="8.518" errors="0" timestamp="2023-03-28T20:01:53 IST" skipped="0">
  <testcase classname="com.runner.Demo" name="earphones" time="3.154"/>
  <system-out/>
  <testcase classname="com.runner.Demo" name="mobiles" time="5.364"/>
  <system-out/>
</testsuite> <!-- com.runner.Demo -->
