<?xml version="1.0" encoding="UTF-8"?>
<!-- Generated by org.testng.reporters.JUnitReportReporter -->
<testsuite hostname="DESKTOP-UGOTE62" failures="0" tests="3" name="com.homepage.FunctionaTest" time="159.827" errors="0" timestamp="2023-05-10T13:27:09 IST" skipped="0">
  <testcase classname="com.homepage.FunctionaTest" name="Test_C" time="56.098"/>
  <system-out/>
  <testcase classname="com.homepage.FunctionaTest" name="Test_A" time="53.416"/>
  <system-out/>
  <testcase classname="com.homepage.FunctionaTest" name="Test_B" time="50.313"/>
  <system-out/>
</testsuite> <!-- com.homepage.FunctionaTest -->
