<?xml version="1.0" encoding="UTF-8"?>
<!-- Generated by org.testng.reporters.JUnitReportReporter -->
<testsuite hostname="DESKTOP-UGOTE62" failures="0" tests="2" name="com.homepage.HomePage" time="6.247" errors="0" timestamp="2023-03-30T10:17:01 IST" skipped="0">
  <testcase classname="com.homepage.HomePage" name="Test_A" time="3.151"/>
  <system-out/>
  <testcase classname="com.homepage.HomePage" name="Test_B" time="3.096"/>
  <system-out/>
</testsuite> <!-- com.homepage.HomePage -->
