<?xml version="1.0" encoding="UTF-8"?>
<!-- Generated by org.testng.reporters.JUnitReportReporter -->
<testsuite hostname="DESKTOP-UGOTE62" failures="0" tests="2" name="com.java.Demo" time="0.010" errors="0" timestamp="2023-03-15T20:20:37 IST" skipped="0">
  <testcase classname="com.java.Demo" name="Test_A" time="0.001"/>
  <system-out/>
  <testcase classname="com.java.Demo" name="Test_B" time="0.009"/>
  <system-out/>
</testsuite> <!-- com.java.Demo -->
